{"K:/今心 APP/server/src/emotionData.ts": {"path":"K:/今心 APP/server/src/emotionData.ts","statementMap":{"0":{"start":{"line":8,"column":44},"end":{"line":49,"column":null}},"1":{"start":{"line":55,"column":21},"end":{"line":55,"column":33}},"2":{"start":{"line":58,"column":21},"end":{"line":58,"column":69}},"3":{"start":{"line":58,"column":47},"end":{"line":58,"column":69}},"4":{"start":{"line":59,"column":2},"end":{"line":59,"column":null}},"5":{"start":{"line":59,"column":18},"end":{"line":59,"column":null}},"6":{"start":{"line":62,"column":18},"end":{"line":63,"column":null}},"7":{"start":{"line":63,"column":4},"end":{"line":63,"column":62}},"8":{"start":{"line":66,"column":2},"end":{"line":66,"column":null}},"9":{"start":{"line":66,"column":26},"end":{"line":66,"column":null}},"10":{"start":{"line":69,"column":45},"end":{"line":74,"column":null}},"11":{"start":{"line":76,"column":2},"end":{"line":78,"column":null}},"12":{"start":{"line":77,"column":4},"end":{"line":78,"column":null}},"13":{"start":{"line":77,"column":26},"end":{"line":77,"column":48}},"14":{"start":{"line":78,"column":6},"end":{"line":78,"column":null}},"15":{"start":{"line":78,"column":41},"end":{"line":78,"column":65}},"16":{"start":{"line":83,"column":2},"end":{"line":83,"column":null}},"17":{"start":{"line":90,"column":47},"end":{"line":95,"column":null}},"18":{"start":{"line":96,"column":2},"end":{"line":96,"column":null}},"19":{"start":{"line":102,"column":61},"end":{"line":116,"column":null}},"20":{"start":{"line":119,"column":2},"end":{"line":119,"column":null}}},"fnMap":{"0":{"name":"findEmotionWords","decl":{"start":{"line":54,"column":16},"end":{"line":54,"column":33}},"loc":{"start":{"line":54,"column":74},"end":{"line":83,"column":null}}},"1":{"name":"(anonymous_1)","decl":{"start":{"line":58,"column":35},"end":{"line":58,"column":41}},"loc":{"start":{"line":58,"column":47},"end":{"line":58,"column":69}}},"2":{"name":"(anonymous_2)","decl":{"start":{"line":62,"column":32},"end":{"line":62,"column":40}},"loc":{"start":{"line":63,"column":4},"end":{"line":63,"column":62}}},"3":{"name":"(anonymous_3)","decl":{"start":{"line":77,"column":14},"end":{"line":77,"column":20}},"loc":{"start":{"line":77,"column":26},"end":{"line":77,"column":48}}},"4":{"name":"(anonymous_4)","decl":{"start":{"line":78,"column":27},"end":{"line":78,"column":35}},"loc":{"start":{"line":78,"column":41},"end":{"line":78,"column":65}}},"5":{"name":"getQuadrantDescription","decl":{"start":{"line":89,"column":16},"end":{"line":89,"column":39}},"loc":{"start":{"line":89,"column":65},"end":{"line":96,"column":null}}},"6":{"name":"getNeedsForEmotion","decl":{"start":{"line":118,"column":16},"end":{"line":118,"column":35}},"loc":{"start":{"line":118,"column":66},"end":{"line":119,"column":null}}}},"branchMap":{"0":{"loc":{"start":{"line":54,"column":48},"end":{"line":54,"column":74}},"type":"default-arg","locations":[{"start":{"line":54,"column":56},"end":{"line":54,"column":74}}]},"1":{"loc":{"start":{"line":59,"column":2},"end":{"line":59,"column":null}},"type":"if","locations":[{"start":{"line":59,"column":2},"end":{"line":59,"column":null}},{"start":{},"end":{}}]},"2":{"loc":{"start":{"line":63,"column":4},"end":{"line":63,"column":62}},"type":"binary-expr","locations":[{"start":{"line":63,"column":4},"end":{"line":63,"column":31}},{"start":{"line":63,"column":35},"end":{"line":63,"column":62}}]},"3":{"loc":{"start":{"line":66,"column":2},"end":{"line":66,"column":null}},"type":"if","locations":[{"start":{"line":66,"column":2},"end":{"line":66,"column":null}},{"start":{},"end":{}}]},"4":{"loc":{"start":{"line":77,"column":4},"end":{"line":78,"column":null}},"type":"if","locations":[{"start":{"line":77,"column":4},"end":{"line":78,"column":null}},{"start":{},"end":{}}]},"5":{"loc":{"start":{"line":96,"column":9},"end":{"line":96,"column":null}},"type":"binary-expr","locations":[{"start":{"line":96,"column":9},"end":{"line":96,"column":35}},{"start":{"line":96,"column":35},"end":{"line":96,"column":null}}]},"6":{"loc":{"start":{"line":119,"column":9},"end":{"line":119,"column":null}},"type":"binary-expr","locations":[{"start":{"line":119,"column":9},"end":{"line":119,"column":45}},{"start":{"line":119,"column":45},"end":{"line":119,"column":null}}]}},"s":{"0":2,"1":31,"2":31,"3":597,"4":31,"5":16,"6":15,"7":495,"8":15,"9":7,"10":8,"11":8,"12":22,"13":104,"14":6,"15":198,"16":2,"17":16,"18":16,"19":2,"20":14},"f":{"0":31,"1":597,"2":495,"3":104,"4":198,"5":16,"6":14},"b":{"0":[14],"1":[16,15],"2":[495,424],"3":[7,8],"4":[6,16],"5":[16,1],"6":[14,1]}}
,"K:/今心 APP/server/src/env.ts": {"path":"K:/今心 APP/server/src/env.ts","statementMap":{"0":{"start":{"line":2,"column":0},"end":{"line":2,"column":null}}},"fnMap":{},"branchMap":{},"s":{"0":1},"f":{},"b":{}}
,"K:/今心 APP/server/src/rulerBot.ts": {"path":"K:/今心 APP/server/src/rulerBot.ts","statementMap":{"0":{"start":{"line":21,"column":17},"end":{"line":21,"column":47}},"1":{"start":{"line":23,"column":19},"end":{"line":23,"column":44}},"2":{"start":{"line":25,"column":23},"end":{"line":25,"column":null}},"3":{"start":{"line":28,"column":19},"end":{"line":28,"column":39}},"4":{"start":{"line":29,"column":2},"end":{"line":31,"column":null}},"5":{"start":{"line":30,"column":4},"end":{"line":30,"column":null}},"6":{"start":{"line":31,"column":4},"end":{"line":31,"column":null}},"7":{"start":{"line":34,"column":31},"end":{"line":40,"column":null}},"8":{"start":{"line":41,"column":2},"end":{"line":41,"column":null}},"9":{"start":{"line":42,"column":2},"end":{"line":42,"column":null}},"10":{"start":{"line":46,"column":2},"end":{"line":46,"column":null}},"11":{"start":{"line":53,"column":2},"end":{"line":53,"column":null}},"12":{"start":{"line":54,"column":2},"end":{"line":54,"column":null}},"13":{"start":{"line":55,"column":2},"end":{"line":55,"column":null}},"14":{"start":{"line":59,"column":2},"end":{"line":59,"column":null}},"15":{"start":{"line":60,"column":2},"end":{"line":60,"column":null}},"16":{"start":{"line":68,"column":18},"end":{"line":68,"column":44}},"17":{"start":{"line":71,"column":2},"end":{"line":71,"column":null}},"18":{"start":{"line":74,"column":20},"end":{"line":74,"column":45}},"19":{"start":{"line":75,"column":2},"end":{"line":83,"column":null}},"20":{"start":{"line":76,"column":24},"end":{"line":76,"column":46}},"21":{"start":{"line":77,"column":4},"end":{"line":78,"column":null}},"22":{"start":{"line":78,"column":6},"end":{"line":78,"column":null}},"23":{"start":{"line":80,"column":4},"end":{"line":80,"column":null}},"24":{"start":{"line":81,"column":4},"end":{"line":83,"column":null}},"25":{"start":{"line":86,"column":2},"end":{"line":96,"column":null}},"26":{"start":{"line":87,"column":4},"end":{"line":96,"column":null}},"27":{"start":{"line":99,"column":2},"end":{"line":110,"column":null}},"28":{"start":{"line":100,"column":18},"end":{"line":100,"column":49}},"29":{"start":{"line":101,"column":4},"end":{"line":110,"column":null}},"30":{"start":{"line":114,"column":2},"end":{"line":114,"column":null}},"31":{"start":{"line":118,"column":2},"end":{"line":141,"column":null}},"32":{"start":{"line":120,"column":6},"end":{"line":120,"column":null}},"33":{"start":{"line":121,"column":6},"end":{"line":121,"column":null}},"34":{"start":{"line":123,"column":6},"end":{"line":123,"column":null}},"35":{"start":{"line":124,"column":6},"end":{"line":124,"column":null}},"36":{"start":{"line":126,"column":6},"end":{"line":126,"column":null}},"37":{"start":{"line":127,"column":6},"end":{"line":127,"column":null}},"38":{"start":{"line":129,"column":6},"end":{"line":129,"column":null}},"39":{"start":{"line":130,"column":6},"end":{"line":130,"column":null}},"40":{"start":{"line":132,"column":6},"end":{"line":132,"column":null}},"41":{"start":{"line":133,"column":6},"end":{"line":133,"column":null}},"42":{"start":{"line":135,"column":6},"end":{"line":135,"column":null}},"43":{"start":{"line":136,"column":6},"end":{"line":136,"column":null}},"44":{"start":{"line":138,"column":6},"end":{"line":138,"column":null}},"45":{"start":{"line":139,"column":6},"end":{"line":139,"column":null}},"46":{"start":{"line":141,"column":6},"end":{"line":141,"column":null}},"47":{"start":{"line":145,"column":2},"end":{"line":145,"column":null}},"48":{"start":{"line":146,"column":2},"end":{"line":146,"column":null}},"49":{"start":{"line":155,"column":20},"end":{"line":155,"column":58}},"50":{"start":{"line":156,"column":2},"end":{"line":156,"column":null}},"51":{"start":{"line":159,"column":2},"end":{"line":159,"column":null}},"52":{"start":{"line":161,"column":2},"end":{"line":180,"column":null}},"53":{"start":{"line":184,"column":2},"end":{"line":184,"column":null}},"54":{"start":{"line":185,"column":2},"end":{"line":185,"column":null}},"55":{"start":{"line":188,"column":22},"end":{"line":188,"column":52}},"56":{"start":{"line":189,"column":2},"end":{"line":190,"column":null}},"57":{"start":{"line":190,"column":4},"end":{"line":190,"column":null}},"58":{"start":{"line":193,"column":2},"end":{"line":207,"column":null}},"59":{"start":{"line":211,"column":18},"end":{"line":211,"column":43}},"60":{"start":{"line":213,"column":2},"end":{"line":249,"column":null}},"61":{"start":{"line":215,"column":20},"end":{"line":215,"column":null}},"62":{"start":{"line":216,"column":4},"end":{"line":216,"column":null}},"63":{"start":{"line":217,"column":4},"end":{"line":217,"column":null}},"64":{"start":{"line":218,"column":4},"end":{"line":218,"column":null}},"65":{"start":{"line":219,"column":4},"end":{"line":219,"column":null}},"66":{"start":{"line":222,"column":24},"end":{"line":222,"column":54}},"67":{"start":{"line":223,"column":4},"end":{"line":231,"column":null}},"68":{"start":{"line":224,"column":6},"end":{"line":231,"column":null}},"69":{"start":{"line":234,"column":18},"end":{"line":234,"column":50}},"70":{"start":{"line":236,"column":4},"end":{"line":249,"column":null}},"71":{"start":{"line":244,"column":41},"end":{"line":248,"column":9}},"72":{"start":{"line":253,"column":18},"end":{"line":253,"column":54}},"73":{"start":{"line":253,"column":37},"end":{"line":253,"column":44}},"74":{"start":{"line":255,"column":2},"end":{"line":264,"column":null}},"75":{"start":{"line":259,"column":50},"end":{"line":263,"column":7}},"76":{"start":{"line":268,"column":2},"end":{"line":268,"column":null}},"77":{"start":{"line":269,"column":2},"end":{"line":269,"column":null}},"78":{"start":{"line":271,"column":22},"end":{"line":271,"column":52}},"79":{"start":{"line":272,"column":2},"end":{"line":275,"column":null}},"80":{"start":{"line":273,"column":4},"end":{"line":275,"column":null}},"81":{"start":{"line":278,"column":2},"end":{"line":293,"column":null}},"82":{"start":{"line":297,"column":2},"end":{"line":299,"column":null}},"83":{"start":{"line":298,"column":4},"end":{"line":298,"column":null}},"84":{"start":{"line":299,"column":4},"end":{"line":299,"column":null}},"85":{"start":{"line":302,"column":2},"end":{"line":302,"column":null}},"86":{"start":{"line":303,"column":2},"end":{"line":303,"column":null}},"87":{"start":{"line":305,"column":22},"end":{"line":305,"column":52}},"88":{"start":{"line":306,"column":2},"end":{"line":309,"column":null}},"89":{"start":{"line":307,"column":4},"end":{"line":309,"column":null}},"90":{"start":{"line":312,"column":2},"end":{"line":325,"column":null}},"91":{"start":{"line":329,"column":2},"end":{"line":338,"column":null}},"92":{"start":{"line":343,"column":4},"end":{"line":347,"column":null}},"93":{"start":{"line":349,"column":2},"end":{"line":349,"column":null}},"94":{"start":{"line":350,"column":2},"end":{"line":350,"column":null}},"95":{"start":{"line":352,"column":22},"end":{"line":352,"column":52}},"96":{"start":{"line":353,"column":2},"end":{"line":356,"column":null}},"97":{"start":{"line":354,"column":4},"end":{"line":356,"column":null}},"98":{"start":{"line":359,"column":41},"end":{"line":400,"column":null}},"99":{"start":{"line":402,"column":2},"end":{"line":410,"column":null}},"100":{"start":{"line":414,"column":2},"end":{"line":414,"column":null}},"101":{"start":{"line":416,"column":12},"end":{"line":416,"column":null}},"102":{"start":{"line":417,"column":18},"end":{"line":417,"column":null}},"103":{"start":{"line":418,"column":15},"end":{"line":418,"column":null}},"104":{"start":{"line":421,"column":22},"end":{"line":421,"column":52}},"105":{"start":{"line":422,"column":2},"end":{"line":424,"column":null}},"106":{"start":{"line":423,"column":4},"end":{"line":423,"column":null}},"107":{"start":{"line":424,"column":4},"end":{"line":424,"column":null}},"108":{"start":{"line":427,"column":17},"end":{"line":427,"column":null}},"109":{"start":{"line":428,"column":2},"end":{"line":433,"column":null}},"110":{"start":{"line":429,"column":4},"end":{"line":429,"column":null}},"111":{"start":{"line":430,"column":13},"end":{"line":433,"column":null}},"112":{"start":{"line":431,"column":4},"end":{"line":431,"column":null}},"113":{"start":{"line":433,"column":4},"end":{"line":433,"column":null}},"114":{"start":{"line":437,"column":2},"end":{"line":437,"column":null}},"115":{"start":{"line":438,"column":2},"end":{"line":438,"column":null}},"116":{"start":{"line":440,"column":2},"end":{"line":466,"column":null}},"117":{"start":{"line":477,"column":12},"end":{"line":477,"column":32}},"118":{"start":{"line":478,"column":2},"end":{"line":478,"column":null}},"119":{"start":{"line":478,"column":10},"end":{"line":478,"column":null}},"120":{"start":{"line":479,"column":2},"end":{"line":479,"column":null}},"121":{"start":{"line":487,"column":14},"end":{"line":487,"column":24}},"122":{"start":{"line":488,"column":2},"end":{"line":505,"column":null}},"123":{"start":{"line":489,"column":4},"end":{"line":505,"column":null}},"124":{"start":{"line":490,"column":26},"end":{"line":490,"column":48}},"125":{"start":{"line":491,"column":6},"end":{"line":501,"column":null}},"126":{"start":{"line":492,"column":8},"end":{"line":500,"column":null}},"127":{"start":{"line":495,"column":12},"end":{"line":499,"column":null}},"128":{"start":{"line":501,"column":8},"end":{"line":501,"column":null}},"129":{"start":{"line":503,"column":6},"end":{"line":503,"column":null}},"130":{"start":{"line":504,"column":6},"end":{"line":504,"column":null}},"131":{"start":{"line":505,"column":6},"end":{"line":505,"column":null}},"132":{"start":{"line":511,"column":0},"end":{"line":511,"column":null}},"133":{"start":{"line":538,"column":40},"end":{"line":538,"column":42}},"134":{"start":{"line":540,"column":44},"end":{"line":566,"column":null}},"135":{"start":{"line":542,"column":17},"end":{"line":542,"column":null}},"136":{"start":{"line":543,"column":4},"end":{"line":543,"column":null}},"137":{"start":{"line":544,"column":4},"end":{"line":544,"column":null}},"138":{"start":{"line":548,"column":35},"end":{"line":548,"column":37}},"139":{"start":{"line":549,"column":4},"end":{"line":557,"column":null}},"140":{"start":{"line":550,"column":6},"end":{"line":557,"column":null}},"141":{"start":{"line":551,"column":25},"end":{"line":551,"column":45}},"142":{"start":{"line":552,"column":8},"end":{"line":552,"column":null}},"143":{"start":{"line":554,"column":8},"end":{"line":557,"column":null}},"144":{"start":{"line":560,"column":4},"end":{"line":560,"column":null}},"145":{"start":{"line":564,"column":4},"end":{"line":564,"column":null}},"146":{"start":{"line":564,"column":38},"end":{"line":564,"column":80}},"147":{"start":{"line":572,"column":2},"end":{"line":572,"column":null}}},"fnMap":{"0":{"name":"getOrCreateSession","decl":{"start":{"line":27,"column":9},"end":{"line":27,"column":28}},"loc":{"start":{"line":27,"column":57},"end":{"line":42,"column":null}}},"1":{"name":"clearSession","decl":{"start":{"line":45,"column":9},"end":{"line":45,"column":22}},"loc":{"start":{"line":45,"column":44},"end":{"line":46,"column":null}}},"2":{"name":"resetRulerBotState","decl":{"start":{"line":52,"column":16},"end":{"line":52,"column":43}},"loc":{"start":{"line":52,"column":43},"end":{"line":55,"column":null}}},"3":{"name":"advanceStep","decl":{"start":{"line":58,"column":9},"end":{"line":58,"column":21}},"loc":{"start":{"line":58,"column":70},"end":{"line":60,"column":null}}},"4":{"name":"processMessage","decl":{"start":{"line":67,"column":22},"end":{"line":67,"column":37}},"loc":{"start":{"line":67,"column":89},"end":{"line":146,"column":null}}},"5":{"name":"handleIdle","decl":{"start":{"line":153,"column":15},"end":{"line":153,"column":26}},"loc":{"start":{"line":153,"column":84},"end":{"line":180,"column":null}}},"6":{"name":"handleRecognize","decl":{"start":{"line":183,"column":15},"end":{"line":183,"column":31}},"loc":{"start":{"line":183,"column":89},"end":{"line":207,"column":null}}},"7":{"name":"handleUnderstand","decl":{"start":{"line":210,"column":15},"end":{"line":210,"column":32}},"loc":{"start":{"line":210,"column":90},"end":{"line":264,"column":null}}},"8":{"name":"(anonymous_8)","decl":{"start":{"line":244,"column":26},"end":{"line":244,"column":31}},"loc":{"start":{"line":244,"column":41},"end":{"line":248,"column":9}}},"9":{"name":"(anonymous_9)","decl":{"start":{"line":253,"column":26},"end":{"line":253,"column":31}},"loc":{"start":{"line":253,"column":37},"end":{"line":253,"column":44}}},"10":{"name":"(anonymous_10)","decl":{"start":{"line":259,"column":38},"end":{"line":259,"column":43}},"loc":{"start":{"line":259,"column":50},"end":{"line":263,"column":7}}},"11":{"name":"handleLabel","decl":{"start":{"line":267,"column":15},"end":{"line":267,"column":27}},"loc":{"start":{"line":267,"column":85},"end":{"line":293,"column":null}}},"12":{"name":"handleExpress","decl":{"start":{"line":296,"column":15},"end":{"line":296,"column":29}},"loc":{"start":{"line":296,"column":87},"end":{"line":325,"column":null}}},"13":{"name":"regulationMenu","decl":{"start":{"line":328,"column":9},"end":{"line":328,"column":39}},"loc":{"start":{"line":328,"column":39},"end":{"line":338,"column":null}}},"14":{"name":"handleRegulate","decl":{"start":{"line":341,"column":15},"end":{"line":341,"column":30}},"loc":{"start":{"line":341,"column":88},"end":{"line":410,"column":null}}},"15":{"name":"handleSummary","decl":{"start":{"line":413,"column":15},"end":{"line":413,"column":29}},"loc":{"start":{"line":413,"column":87},"end":{"line":466,"column":null}}},"16":{"name":"getSessionStatus","decl":{"start":{"line":476,"column":16},"end":{"line":476,"column":33}},"loc":{"start":{"line":476,"column":57},"end":{"line":479,"column":null}}},"17":{"name":"cleanupSessions","decl":{"start":{"line":486,"column":16},"end":{"line":486,"column":40}},"loc":{"start":{"line":486,"column":40},"end":{"line":505,"column":null}}},"18":{"name":"(anonymous_18)","decl":{"start":{"line":494,"column":11},"end":{"line":494,"column":18}},"loc":{"start":{"line":494,"column":26},"end":{"line":500,"column":null}}},"19":{"name":"(anonymous_19)","decl":{"start":{"line":541,"column":2},"end":{"line":541,"column":11}},"loc":{"start":{"line":541,"column":75},"end":{"line":544,"column":null}}},"20":{"name":"(anonymous_20)","decl":{"start":{"line":547,"column":2},"end":{"line":547,"column":8}},"loc":{"start":{"line":547,"column":45},"end":{"line":560,"column":null}}},"21":{"name":"(anonymous_21)","decl":{"start":{"line":563,"column":2},"end":{"line":563,"column":58}},"loc":{"start":{"line":563,"column":58},"end":{"line":564,"column":null}}},"22":{"name":"(anonymous_22)","decl":{"start":{"line":564,"column":26},"end":{"line":564,"column":31}},"loc":{"start":{"line":564,"column":38},"end":{"line":564,"column":80}}},"23":{"name":"getActiveSessionCount","decl":{"start":{"line":571,"column":16},"end":{"line":571,"column":48}},"loc":{"start":{"line":571,"column":48},"end":{"line":572,"column":null}}}},"branchMap":{"0":{"loc":{"start":{"line":29,"column":2},"end":{"line":31,"column":null}},"type":"if","locations":[{"start":{"line":29,"column":2},"end":{"line":31,"column":null}},{"start":{},"end":{}}]},"1":{"loc":{"start":{"line":29,"column":6},"end":{"line":29,"column":68}},"type":"binary-expr","locations":[{"start":{"line":29,"column":6},"end":{"line":29,"column":18}},{"start":{"line":29,"column":18},"end":{"line":29,"column":68}}]},"2":{"loc":{"start":{"line":75,"column":2},"end":{"line":83,"column":null}},"type":"if","locations":[{"start":{"line":75,"column":2},"end":{"line":83,"column":null}},{"start":{},"end":{}}]},"3":{"loc":{"start":{"line":75,"column":6},"end":{"line":75,"column":73}},"type":"binary-expr","locations":[{"start":{"line":75,"column":6},"end":{"line":75,"column":28}},{"start":{"line":75,"column":28},"end":{"line":75,"column":52}},{"start":{"line":75,"column":52},"end":{"line":75,"column":73}}]},"4":{"loc":{"start":{"line":77,"column":4},"end":{"line":78,"column":null}},"type":"if","locations":[{"start":{"line":77,"column":4},"end":{"line":78,"column":null}},{"start":{},"end":{}}]},"5":{"loc":{"start":{"line":86,"column":2},"end":{"line":96,"column":null}},"type":"if","locations":[{"start":{"line":86,"column":2},"end":{"line":96,"column":null}},{"start":{},"end":{}}]},"6":{"loc":{"start":{"line":86,"column":6},"end":{"line":86,"column":71}},"type":"binary-expr","locations":[{"start":{"line":86,"column":6},"end":{"line":86,"column":28}},{"start":{"line":86,"column":28},"end":{"line":86,"column":52}},{"start":{"line":86,"column":52},"end":{"line":86,"column":71}}]},"7":{"loc":{"start":{"line":99,"column":2},"end":{"line":110,"column":null}},"type":"if","locations":[{"start":{"line":99,"column":2},"end":{"line":110,"column":null}},{"start":{},"end":{}}]},"8":{"loc":{"start":{"line":99,"column":6},"end":{"line":99,"column":52}},"type":"binary-expr","locations":[{"start":{"line":99,"column":6},"end":{"line":99,"column":28}},{"start":{"line":99,"column":28},"end":{"line":99,"column":52}}]},"9":{"loc":{"start":{"line":107,"column":2},"end":{"line":107,"column":71}},"type":"cond-expr","locations":[{"start":{"line":107,"column":26},"end":{"line":107,"column":54}},{"start":{"line":107,"column":54},"end":{"line":107,"column":71}}]},"10":{"loc":{"start":{"line":118,"column":2},"end":{"line":141,"column":null}},"type":"switch","locations":[{"start":{"line":119,"column":4},"end":{"line":121,"column":null}},{"start":{"line":122,"column":4},"end":{"line":124,"column":null}},{"start":{"line":125,"column":4},"end":{"line":127,"column":null}},{"start":{"line":128,"column":4},"end":{"line":130,"column":null}},{"start":{"line":131,"column":4},"end":{"line":133,"column":null}},{"start":{"line":134,"column":4},"end":{"line":136,"column":null}},{"start":{"line":137,"column":4},"end":{"line":139,"column":null}},{"start":{"line":140,"column":4},"end":{"line":141,"column":null}}]},"11":{"loc":{"start":{"line":189,"column":2},"end":{"line":190,"column":null}},"type":"if","locations":[{"start":{"line":189,"column":2},"end":{"line":190,"column":null}},{"start":{},"end":{}}]},"12":{"loc":{"start":{"line":194,"column":16},"end":{"line":194,"column":76}},"type":"cond-expr","locations":[{"start":{"line":194,"column":34},"end":{"line":194,"column":55}},{"start":{"line":194,"column":55},"end":{"line":194,"column":76}}]},"13":{"loc":{"start":{"line":213,"column":2},"end":{"line":249,"column":null}},"type":"if","locations":[{"start":{"line":213,"column":2},"end":{"line":249,"column":null}},{"start":{},"end":{}}]},"14":{"loc":{"start":{"line":223,"column":4},"end":{"line":231,"column":null}},"type":"if","locations":[{"start":{"line":223,"column":4},"end":{"line":231,"column":null}},{"start":{},"end":{}}]},"15":{"loc":{"start":{"line":272,"column":2},"end":{"line":275,"column":null}},"type":"if","locations":[{"start":{"line":272,"column":2},"end":{"line":275,"column":null}},{"start":{},"end":{}}]},"16":{"loc":{"start":{"line":297,"column":2},"end":{"line":299,"column":null}},"type":"if","locations":[{"start":{"line":297,"column":2},"end":{"line":299,"column":null}},{"start":{},"end":{}}]},"17":{"loc":{"start":{"line":306,"column":2},"end":{"line":309,"column":null}},"type":"if","locations":[{"start":{"line":306,"column":2},"end":{"line":309,"column":null}},{"start":{},"end":{}}]},"18":{"loc":{"start":{"line":343,"column":4},"end":{"line":347,"column":null}},"type":"cond-expr","locations":[{"start":{"line":344,"column":8},"end":{"line":344,"column":null}},{"start":{"line":345,"column":8},"end":{"line":347,"column":null}}]},"19":{"loc":{"start":{"line":343,"column":4},"end":{"line":343,"column":45}},"type":"binary-expr","locations":[{"start":{"line":343,"column":4},"end":{"line":343,"column":23}},{"start":{"line":343,"column":27},"end":{"line":343,"column":45}}]},"20":{"loc":{"start":{"line":345,"column":8},"end":{"line":347,"column":null}},"type":"cond-expr","locations":[{"start":{"line":346,"column":10},"end":{"line":346,"column":null}},{"start":{"line":347,"column":10},"end":{"line":347,"column":null}}]},"21":{"loc":{"start":{"line":345,"column":8},"end":{"line":345,"column":53}},"type":"binary-expr","locations":[{"start":{"line":345,"column":8},"end":{"line":345,"column":27}},{"start":{"line":345,"column":31},"end":{"line":345,"column":53}}]},"22":{"loc":{"start":{"line":353,"column":2},"end":{"line":356,"column":null}},"type":"if","locations":[{"start":{"line":353,"column":2},"end":{"line":356,"column":null}},{"start":{},"end":{}}]},"23":{"loc":{"start":{"line":417,"column":18},"end":{"line":417,"column":null}},"type":"binary-expr","locations":[{"start":{"line":417,"column":18},"end":{"line":417,"column":35}},{"start":{"line":417,"column":35},"end":{"line":417,"column":null}}]},"24":{"loc":{"start":{"line":418,"column":15},"end":{"line":418,"column":null}},"type":"binary-expr","locations":[{"start":{"line":418,"column":15},"end":{"line":418,"column":25}},{"start":{"line":418,"column":25},"end":{"line":418,"column":null}}]},"25":{"loc":{"start":{"line":422,"column":2},"end":{"line":424,"column":null}},"type":"if","locations":[{"start":{"line":422,"column":2},"end":{"line":424,"column":null}},{"start":{},"end":{}}]},"26":{"loc":{"start":{"line":428,"column":2},"end":{"line":433,"column":null}},"type":"if","locations":[{"start":{"line":428,"column":2},"end":{"line":433,"column":null}},{"start":{"line":430,"column":13},"end":{"line":433,"column":null}}]},"27":{"loc":{"start":{"line":428,"column":6},"end":{"line":428,"column":47}},"type":"binary-expr","locations":[{"start":{"line":428,"column":6},"end":{"line":428,"column":24}},{"start":{"line":428,"column":28},"end":{"line":428,"column":47}}]},"28":{"loc":{"start":{"line":430,"column":13},"end":{"line":433,"column":null}},"type":"if","locations":[{"start":{"line":430,"column":13},"end":{"line":433,"column":null}},{"start":{"line":432,"column":9},"end":{"line":433,"column":null}}]},"29":{"loc":{"start":{"line":430,"column":13},"end":{"line":430,"column":55}},"type":"binary-expr","locations":[{"start":{"line":430,"column":13},"end":{"line":430,"column":32}},{"start":{"line":430,"column":36},"end":{"line":430,"column":55}}]},"30":{"loc":{"start":{"line":444,"column":9},"end":{"line":444,"column":27}},"type":"binary-expr","locations":[{"start":{"line":444,"column":9},"end":{"line":444,"column":23}},{"start":{"line":444,"column":23},"end":{"line":444,"column":27}}]},"31":{"loc":{"start":{"line":478,"column":2},"end":{"line":478,"column":null}},"type":"if","locations":[{"start":{"line":478,"column":2},"end":{"line":478,"column":null}},{"start":{},"end":{}}]},"32":{"loc":{"start":{"line":479,"column":32},"end":{"line":479,"column":60}},"type":"binary-expr","locations":[{"start":{"line":479,"column":32},"end":{"line":479,"column":54}},{"start":{"line":479,"column":54},"end":{"line":479,"column":60}}]},"33":{"loc":{"start":{"line":489,"column":4},"end":{"line":505,"column":null}},"type":"if","locations":[{"start":{"line":489,"column":4},"end":{"line":505,"column":null}},{"start":{},"end":{}}]},"34":{"loc":{"start":{"line":491,"column":6},"end":{"line":501,"column":null}},"type":"if","locations":[{"start":{"line":491,"column":6},"end":{"line":501,"column":null}},{"start":{},"end":{}}]}},"s":{"0":1,"1":1,"2":1,"3":107,"4":107,"5":74,"6":74,"7":33,"8":33,"9":33,"10":10,"11":34,"12":34,"13":34,"14":86,"15":86,"16":107,"17":107,"18":107,"19":107,"20":4,"21":4,"22":3,"23":4,"24":4,"25":103,"26":3,"27":100,"28":3,"29":3,"30":97,"31":97,"32":26,"33":26,"34":18,"35":18,"36":16,"37":16,"38":11,"39":11,"40":11,"41":11,"42":9,"43":9,"44":6,"45":6,"46":0,"47":97,"48":97,"49":26,"50":26,"51":26,"52":26,"53":18,"54":18,"55":18,"56":18,"57":18,"58":18,"59":16,"60":16,"61":11,"62":11,"63":11,"64":11,"65":11,"66":11,"67":11,"68":11,"69":11,"70":11,"71":33,"72":5,"73":26,"74":5,"75":22,"76":11,"77":11,"78":11,"79":11,"80":11,"81":11,"82":11,"83":2,"84":2,"85":9,"86":9,"87":9,"88":9,"89":9,"90":9,"91":2,"92":9,"93":9,"94":9,"95":9,"96":9,"97":9,"98":9,"99":9,"100":6,"101":6,"102":6,"103":6,"104":6,"105":6,"106":6,"107":6,"108":6,"109":6,"110":4,"111":2,"112":1,"113":1,"114":6,"115":6,"116":6,"117":6,"118":6,"119":2,"120":4,"121":0,"122":0,"123":0,"124":0,"125":0,"126":0,"127":0,"128":0,"129":0,"130":0,"131":0,"132":1,"133":1,"134":1,"135":4,"136":4,"137":4,"138":2,"139":2,"140":3,"141":3,"142":2,"143":1,"144":2,"145":1,"146":1,"147":7},"f":{"0":107,"1":10,"2":34,"3":86,"4":107,"5":26,"6":18,"7":16,"8":33,"9":26,"10":22,"11":11,"12":11,"13":2,"14":9,"15":6,"16":6,"17":0,"18":0,"19":4,"20":2,"21":1,"22":1,"23":7},"b":{"0":[74,33],"1":[107,74],"2":[4,103],"3":[107,105,104],"4":[3,1],"5":[3,100],"6":[103,102,101],"7":[3,97],"8":[100,98],"9":[0,3],"10":[26,18,16,11,11,9,6,0],"11":[18,0],"12":[1,17],"13":[11,5],"14":[11,0],"15":[11,0],"16":[2,9],"17":[9,0],"18":[6,3],"19":[9,3],"20":[1,2],"21":[3,2],"22":[9,0],"23":[6,0],"24":[6,0],"25":[6,0],"26":[4,2],"27":[6,3],"28":[1,1],"29":[2,1],"30":[6,0],"31":[2,4],"32":[4,4],"33":[0,0],"34":[0,0]}}
,"K:/今心 APP/server/src/db/index.ts": {"path":"K:/今心 APP/server/src/db/index.ts","statementMap":{"0":{"start":{"line":20,"column":21},"end":{"line":20,"column":null}},"1":{"start":{"line":21,"column":29},"end":{"line":21,"column":null}},"2":{"start":{"line":24,"column":2},"end":{"line":24,"column":null}},"3":{"start":{"line":27,"column":2},"end":{"line":29,"column":null}},"4":{"start":{"line":31,"column":0},"end":{"line":31,"column":null}}},"fnMap":{},"branchMap":{"0":{"loc":{"start":{"line":20,"column":21},"end":{"line":20,"column":null}},"type":"binary-expr","locations":[{"start":{"line":20,"column":21},"end":{"line":20,"column":49}},{"start":{"line":20,"column":49},"end":{"line":20,"column":null}}]},"1":{"loc":{"start":{"line":21,"column":29},"end":{"line":21,"column":null}},"type":"binary-expr","locations":[{"start":{"line":21,"column":29},"end":{"line":21,"column":65}},{"start":{"line":21,"column":65},"end":{"line":21,"column":null}}]},"2":{"loc":{"start":{"line":24,"column":2},"end":{"line":24,"column":null}},"type":"cond-expr","locations":[{"start":{"line":24,"column":41},"end":{"line":24,"column":54}},{"start":{"line":24,"column":54},"end":{"line":24,"column":null}}]},"3":{"loc":{"start":{"line":24,"column":2},"end":{"line":24,"column":41}},"type":"binary-expr","locations":[{"start":{"line":24,"column":2},"end":{"line":24,"column":18}},{"start":{"line":24,"column":18},"end":{"line":24,"column":41}}]},"4":{"loc":{"start":{"line":27,"column":2},"end":{"line":29,"column":null}},"type":"cond-expr","locations":[{"start":{"line":28,"column":6},"end":{"line":28,"column":63}},{"start":{"line":29,"column":6},"end":{"line":29,"column":null}}]}},"s":{"0":1,"1":1,"2":1,"3":1,"4":1},"f":{},"b":{"0":[1,1],"1":[1,1],"2":[0,1],"3":[1,0],"4":[0,1]}}
,"K:/今心 APP/server/src/db/memoryAdapter.ts": {"path":"K:/今心 APP/server/src/db/memoryAdapter.ts","statementMap":{"0":{"start":{"line":26,"column":14},"end":{"line":26,"column":39}},"1":{"start":{"line":27,"column":17},"end":{"line":27,"column":45}},"2":{"start":{"line":35,"column":5},"end":{"line":35,"column":7}},"3":{"start":{"line":38,"column":2},"end":{"line":38,"column":null}},"4":{"start":{"line":41,"column":29},"end":{"line":150,"column":null}},"5":{"start":{"line":43,"column":15},"end":{"line":43,"column":36}},"6":{"start":{"line":44,"column":4},"end":{"line":52,"column":null}},"7":{"start":{"line":45,"column":6},"end":{"line":51,"column":null}},"8":{"start":{"line":52,"column":6},"end":{"line":52,"column":null}},"9":{"start":{"line":54,"column":4},"end":{"line":54,"column":null}},"10":{"start":{"line":58,"column":31},"end":{"line":64,"column":null}},"11":{"start":{"line":65,"column":4},"end":{"line":65,"column":null}},"12":{"start":{"line":66,"column":4},"end":{"line":66,"column":null}},"13":{"start":{"line":70,"column":20},"end":{"line":70,"column":43}},"14":{"start":{"line":71,"column":4},"end":{"line":72,"column":null}},"15":{"start":{"line":72,"column":6},"end":{"line":72,"column":null}},"16":{"start":{"line":77,"column":20},"end":{"line":77,"column":43}},"17":{"start":{"line":78,"column":4},"end":{"line":99,"column":null}},"18":{"start":{"line":79,"column":6},"end":{"line":79,"column":null}},"19":{"start":{"line":80,"column":6},"end":{"line":80,"column":null}},"20":{"start":{"line":81,"column":6},"end":{"line":81,"column":null}},"21":{"start":{"line":84,"column":19},"end":{"line":84,"column":48}},"22":{"start":{"line":85,"column":6},"end":{"line":99,"column":null}},"23":{"start":{"line":86,"column":8},"end":{"line":86,"column":null}},"24":{"start":{"line":87,"column":22},"end":{"line":87,"column":null}},"25":{"start":{"line":88,"column":8},"end":{"line":97,"column":null}},"26":{"start":{"line":89,"column":27},"end":{"line":89,"column":57}},"27":{"start":{"line":90,"column":27},"end":{"line":90,"column":83}},"28":{"start":{"line":91,"column":10},"end":{"line":94,"column":null}},"29":{"start":{"line":92,"column":12},"end":{"line":92,"column":null}},"30":{"start":{"line":94,"column":12},"end":{"line":94,"column":null}},"31":{"start":{"line":96,"column":19},"end":{"line":97,"column":null}},"32":{"start":{"line":97,"column":10},"end":{"line":97,"column":null}},"33":{"start":{"line":99,"column":8},"end":{"line":99,"column":null}},"34":{"start":{"line":110,"column":4},"end":{"line":117,"column":null}},"35":{"start":{"line":121,"column":4},"end":{"line":124,"column":null}},"36":{"start":{"line":122,"column":21},"end":{"line":122,"column":49}},"37":{"start":{"line":124,"column":19},"end":{"line":124,"column":91}},"38":{"start":{"line":128,"column":17},"end":{"line":128,"column":38}},"39":{"start":{"line":129,"column":4},"end":{"line":132,"column":null}},"40":{"start":{"line":137,"column":4},"end":{"line":137,"column":null}},"41":{"start":{"line":141,"column":4},"end":{"line":141,"column":null}},"42":{"start":{"line":146,"column":4},"end":{"line":146,"column":null}},"43":{"start":{"line":147,"column":4},"end":{"line":147,"column":null}},"44":{"start":{"line":148,"column":4},"end":{"line":148,"column":null}}},"fnMap":{"0":{"name":"generateId","decl":{"start":{"line":37,"column":9},"end":{"line":37,"column":30}},"loc":{"start":{"line":37,"column":30},"end":{"line":38,"column":null}}},"1":{"name":"(anonymous_1)","decl":{"start":{"line":42,"column":2},"end":{"line":42,"column":8}},"loc":{"start":{"line":42,"column":83},"end":{"line":54,"column":null}}},"2":{"name":"(anonymous_2)","decl":{"start":{"line":57,"column":2},"end":{"line":57,"column":8}},"loc":{"start":{"line":57,"column":80},"end":{"line":66,"column":null}}},"3":{"name":"(anonymous_3)","decl":{"start":{"line":69,"column":2},"end":{"line":69,"column":8}},"loc":{"start":{"line":69,"column":85},"end":{"line":72,"column":null}}},"4":{"name":"(anonymous_4)","decl":{"start":{"line":76,"column":2},"end":{"line":76,"column":8}},"loc":{"start":{"line":76,"column":75},"end":{"line":99,"column":null}}},"5":{"name":"(anonymous_5)","decl":{"start":{"line":104,"column":2},"end":{"line":104,"column":8}},"loc":{"start":{"line":109,"column":19},"end":{"line":117,"column":null}}},"6":{"name":"(anonymous_6)","decl":{"start":{"line":120,"column":2},"end":{"line":120,"column":8}},"loc":{"start":{"line":120,"column":136},"end":{"line":124,"column":null}}},"7":{"name":"(anonymous_7)","decl":{"start":{"line":122,"column":7},"end":{"line":122,"column":15}},"loc":{"start":{"line":122,"column":21},"end":{"line":122,"column":49}}},"8":{"name":"(anonymous_8)","decl":{"start":{"line":124,"column":7},"end":{"line":124,"column":12}},"loc":{"start":{"line":124,"column":19},"end":{"line":124,"column":91}}},"9":{"name":"(anonymous_9)","decl":{"start":{"line":127,"column":2},"end":{"line":127,"column":8}},"loc":{"start":{"line":127,"column":99},"end":{"line":132,"column":null}}},"10":{"name":"(anonymous_10)","decl":{"start":{"line":136,"column":2},"end":{"line":136,"column":8}},"loc":{"start":{"line":136,"column":41},"end":{"line":137,"column":null}}},"11":{"name":"(anonymous_11)","decl":{"start":{"line":140,"column":2},"end":{"line":140,"column":8}},"loc":{"start":{"line":140,"column":47},"end":{"line":141,"column":null}}},"12":{"name":"(anonymous_12)","decl":{"start":{"line":145,"column":2},"end":{"line":145,"column":21}},"loc":{"start":{"line":145,"column":21},"end":{"line":148,"column":null}}}},"branchMap":{"0":{"loc":{"start":{"line":44,"column":4},"end":{"line":52,"column":null}},"type":"if","locations":[{"start":{"line":44,"column":4},"end":{"line":52,"column":null}},{"start":{},"end":{}}]},"1":{"loc":{"start":{"line":63,"column":12},"end":{"line":63,"column":22}},"type":"binary-expr","locations":[{"start":{"line":63,"column":12},"end":{"line":63,"column":20}},{"start":{"line":63,"column":20},"end":{"line":63,"column":22}}]},"2":{"loc":{"start":{"line":71,"column":4},"end":{"line":72,"column":null}},"type":"if","locations":[{"start":{"line":71,"column":4},"end":{"line":72,"column":null}},{"start":{},"end":{}}]},"3":{"loc":{"start":{"line":78,"column":4},"end":{"line":99,"column":null}},"type":"if","locations":[{"start":{"line":78,"column":4},"end":{"line":99,"column":null}},{"start":{},"end":{}}]},"4":{"loc":{"start":{"line":85,"column":6},"end":{"line":99,"column":null}},"type":"if","locations":[{"start":{"line":85,"column":6},"end":{"line":99,"column":null}},{"start":{},"end":{}}]},"5":{"loc":{"start":{"line":88,"column":8},"end":{"line":97,"column":null}},"type":"if","locations":[{"start":{"line":88,"column":8},"end":{"line":97,"column":null}},{"start":{"line":96,"column":19},"end":{"line":97,"column":null}}]},"6":{"loc":{"start":{"line":88,"column":12},"end":{"line":88,"column":68}},"type":"binary-expr","locations":[{"start":{"line":88,"column":12},"end":{"line":88,"column":36}},{"start":{"line":88,"column":36},"end":{"line":88,"column":68}}]},"7":{"loc":{"start":{"line":91,"column":10},"end":{"line":94,"column":null}},"type":"if","locations":[{"start":{"line":91,"column":10},"end":{"line":94,"column":null}},{"start":{"line":93,"column":17},"end":{"line":94,"column":null}}]},"8":{"loc":{"start":{"line":96,"column":19},"end":{"line":97,"column":null}},"type":"if","locations":[{"start":{"line":96,"column":19},"end":{"line":97,"column":null}},{"start":{},"end":{}}]},"9":{"loc":{"start":{"line":120,"column":43},"end":{"line":120,"column":136}},"type":"default-arg","locations":[{"start":{"line":120,"column":51},"end":{"line":120,"column":136}}]},"10":{"loc":{"start":{"line":130,"column":21},"end":{"line":130,"column":null}},"type":"binary-expr","locations":[{"start":{"line":130,"column":21},"end":{"line":130,"column":44}},{"start":{"line":130,"column":44},"end":{"line":130,"column":null}}]},"11":{"loc":{"start":{"line":131,"column":18},"end":{"line":131,"column":null}},"type":"binary-expr","locations":[{"start":{"line":131,"column":18},"end":{"line":131,"column":38}},{"start":{"line":131,"column":38},"end":{"line":131,"column":null}}]}},"s":{"0":2,"1":2,"2":2,"3":257,"4":2,"5":119,"6":119,"7":42,"8":42,"9":119,"10":43,"11":43,"12":43,"13":64,"14":64,"15":63,"16":16,"17":16,"18":16,"19":16,"20":16,"21":16,"22":16,"23":16,"24":16,"25":16,"26":2,"27":2,"28":2,"29":1,"30":1,"31":14,"32":11,"33":16,"34":214,"35":7,"36":21,"37":9,"38":9,"39":9,"40":4,"41":5,"42":57,"43":57,"44":57},"f":{"0":257,"1":119,"2":43,"3":64,"4":16,"5":214,"6":7,"7":21,"8":9,"9":9,"10":4,"11":5,"12":57},"b":{"0":[42,77],"1":[43,42],"2":[63,1],"3":[16,0],"4":[16,0],"5":[2,14],"6":[16,5],"7":[1,1],"8":[11,3],"9":[6],"10":[9,3],"11":[9,3]}}
,"K:/今心 APP/server/src/utils/metrics.ts": {"path":"K:/今心 APP/server/src/utils/metrics.ts","statementMap":{"0":{"start":{"line":21,"column":31},"end":{"line":27,"column":null}},"1":{"start":{"line":30,"column":2},"end":{"line":30,"column":null}},"2":{"start":{"line":34,"column":2},"end":{"line":34,"column":null}},"3":{"start":{"line":38,"column":2},"end":{"line":38,"column":null}},"4":{"start":{"line":42,"column":2},"end":{"line":42,"column":null}},"5":{"start":{"line":46,"column":2},"end":{"line":46,"column":null}},"6":{"start":{"line":50,"column":2},"end":{"line":50,"column":null}},"7":{"start":{"line":51,"column":2},"end":{"line":51,"column":null}},"8":{"start":{"line":52,"column":2},"end":{"line":52,"column":null}},"9":{"start":{"line":53,"column":2},"end":{"line":53,"column":null}},"10":{"start":{"line":54,"column":2},"end":{"line":54,"column":null}}},"fnMap":{"0":{"name":"recordRequest","decl":{"start":{"line":29,"column":16},"end":{"line":29,"column":38}},"loc":{"start":{"line":29,"column":38},"end":{"line":30,"column":null}}},"1":{"name":"recordError","decl":{"start":{"line":33,"column":16},"end":{"line":33,"column":36}},"loc":{"start":{"line":33,"column":36},"end":{"line":34,"column":null}}},"2":{"name":"recordRulerSessionCompleted","decl":{"start":{"line":37,"column":16},"end":{"line":37,"column":52}},"loc":{"start":{"line":37,"column":52},"end":{"line":38,"column":null}}},"3":{"name":"recordRulerSessionTimedOut","decl":{"start":{"line":41,"column":16},"end":{"line":41,"column":51}},"loc":{"start":{"line":41,"column":51},"end":{"line":42,"column":null}}},"4":{"name":"getMetrics","decl":{"start":{"line":45,"column":16},"end":{"line":45,"column":44}},"loc":{"start":{"line":45,"column":44},"end":{"line":46,"column":null}}},"5":{"name":"resetMetrics","decl":{"start":{"line":49,"column":16},"end":{"line":49,"column":37}},"loc":{"start":{"line":49,"column":37},"end":{"line":54,"column":null}}}},"branchMap":{},"s":{"0":2,"1":5,"2":2,"3":9,"4":2,"5":8,"6":42,"7":42,"8":42,"9":42,"10":42},"f":{"0":5,"1":2,"2":9,"3":2,"4":8,"5":42},"b":{}}
}
